<?xml version="1.0" encoding="UTF-8"?>
<coverage generated="1705334446202" clover="3.2.0">
  <project timestamp="1705334446202" name="All files">
    <metrics statements="10" coveredstatements="9" conditionals="5" coveredconditionals="5" methods="4" coveredmethods="4" elements="19" coveredelements="18" complexity="0" loc="10" ncloc="10" packages="1" files="1" classes="1"/>
    <file name="validations.js" path="C:\Users\hgc\Downloads\devops-exam-2024\devops-exam-2024\src\services\validations.js">
      <metrics statements="10" coveredstatements="9" conditionals="5" coveredconditionals="5" methods="4" coveredmethods="4"/>
      <line num="2" count="1" type="stmt"/>
      <line num="3" count="3" type="stmt"/>
      <line num="5" count="3" type="stmt"/>
      <line num="13" count="3" type="stmt"/>
      <line num="14" count="9" type="stmt"/>
      <line num="19" count="2" type="stmt"/>
      <line num="20" count="8" type="cond" truecount="2" falsecount="0"/>
      <line num="21" count="2" type="stmt"/>
      <line num="24" count="0" type="stmt"/>
      <line num="27" count="1" type="stmt"/>
    </file>
  </project>
</coverage>
