{"C:\\Users\\hgc\\Downloads\\devops-exam-2024\\devops-exam-2024\\src\\services\\validations.js": {"path":"C:\\Users\\hgc\\Downloads\\devops-exam-2024\\devops-exam-2024\\src\\services\\validations.js","statementMap":{"0":{"start":{"line":2,"column":16},"end":{"line":10,"column":1}},"1":{"start":{"line":3,"column":30},"end":{"line":3,"column":65}},"2":{"start":{"line":5,"column":4},"end":{"line":9,"column":6}},"3":{"start":{"line":13,"column":4},"end":{"line":15,"column":7}},"4":{"start":{"line":14,"column":8},"end":{"line":14,"column":51}},"5":{"start":{"line":19,"column":4},"end":{"line":23,"column":7}},"6":{"start":{"line":19,"column":17},"end":{"line":19,"column":18}},"7":{"start":{"line":20,"column":8},"end":{"line":22,"column":9}},"8":{"start":{"line":21,"column":10},"end":{"line":21,"column":22}},"9":{"start":{"line":24,"column":4},"end":{"line":24,"column":17}},"10":{"start":{"line":27,"column":0},"end":{"line":27,"column":26}}},"fnMap":{"0":{"name":"(anonymous_0)","decl":{"start":{"line":2,"column":16},"end":{"line":2,"column":17}},"loc":{"start":{"line":2,"column":30},"end":{"line":10,"column":1}},"line":2},"1":{"name":"haveAtLeastOneSpecialCharacter","decl":{"start":{"line":12,"column":9},"end":{"line":12,"column":39}},"loc":{"start":{"line":12,"column":69},"end":{"line":16,"column":1}},"line":12},"2":{"name":"(anonymous_2)","decl":{"start":{"line":13,"column":34},"end":{"line":13,"column":35}},"loc":{"start":{"line":13,"column":56},"end":{"line":15,"column":5}},"line":13},"3":{"name":"haveAtLeastOneNumber","decl":{"start":{"line":18,"column":9},"end":{"line":18,"column":29}},"loc":{"start":{"line":18,"column":40},"end":{"line":25,"column":1}},"line":18}},"branchMap":{"0":{"loc":{"start":{"line":6,"column":8},"end":{"line":8,"column":38}},"type":"binary-expr","locations":[{"start":{"line":6,"column":8},"end":{"line":6,"column":28}},{"start":{"line":7,"column":8},"end":{"line":7,"column":67}},{"start":{"line":8,"column":8},"end":{"line":8,"column":38}}],"line":6},"1":{"loc":{"start":{"line":20,"column":8},"end":{"line":22,"column":9}},"type":"if","locations":[{"start":{"line":20,"column":8},"end":{"line":22,"column":9}},{"start":{},"end":{}}],"line":20}},"s":{"0":1,"1":3,"2":3,"3":3,"4":9,"5":2,"6":2,"7":8,"8":2,"9":0,"10":1},"f":{"0":3,"1":3,"2":9,"3":2},"b":{"0":[3,3,2],"1":[2,6]},"_coverageSchema":"1a1c01bbd47fc00a2c39e90264f33305004495a9","hash":"a87dbc82a48868f8eb2d7b4d244f66d3cfb6c8bc"}
}
