{"C:\\Users\\hgc\\Downloads\\devops-exam-2024\\devops-exam-2024\\src\\services\\validations.js": {"path":"C:\\Users\\hgc\\Downloads\\devops-exam-2024\\devops-exam-2024\\src\\services\\validations.js","statementMap":{"0":{"start":{"line":2,"column":16},"end":{"line":13,"column":1}},"1":{"start":{"line":3,"column":4},"end":{"line":12,"column":6}},"2":{"start":{"line":15,"column":0},"end":{"line":15,"column":26}}},"fnMap":{"0":{"name":"(anonymous_0)","decl":{"start":{"line":2,"column":16},"end":{"line":2,"column":17}},"loc":{"start":{"line":2,"column":30},"end":{"line":13,"column":1}},"line":2}},"branchMap":{"0":{"loc":{"start":{"line":4,"column":8},"end":{"line":11,"column":35}},"type":"binary-expr","locations":[{"start":{"line":4,"column":8},"end":{"line":4,"column":28}},{"start":{"line":5,"column":9},"end":{"line":5,"column":31}},{"start":{"line":6,"column":12},"end":{"line":6,"column":34}},{"start":{"line":7,"column":12},"end":{"line":7,"column":34}},{"start":{"line":8,"column":12},"end":{"line":8,"column":34}},{"start":{"line":9,"column":12},"end":{"line":9,"column":34}},{"start":{"line":10,"column":12},"end":{"line":10,"column":34}},{"start":{"line":11,"column":12},"end":{"line":11,"column":34}}],"line":4}},"s":{"0":1,"1":2,"2":1},"f":{"0":2},"b":{"0":[2,2,1,1,1,1,1,1]},"_coverageSchema":"1a1c01bbd47fc00a2c39e90264f33305004495a9","hash":"bac06f25d010c708f4e080f42453be48452ca9d9"}
}
